<?xml version="1.0" encoding="UTF-8"?>
<!-- Generated by org.testng.reporters.JUnitReportReporter -->
<testsuite hostname="LAPTOP-EPQ6HRT6" failures="0" tests="1" name="com.App.TestCases.verifyWebLinks" time="0.700" errors="0" timestamp="2021-04-13T19:56:42 IST" skipped="0">
  <testcase classname="com.App.TestCases.verifyWebLinks" name="verifyweblinks" time="0.700"/>
  <system-out/>
</testsuite> <!-- com.App.TestCases.verifyWebLinks -->
